
Start!
%------------------------------------------------------------%

Start!
%------------------------------------------------------------%

Start!
%------------------------------------------------------------%

Start!
%------------------------------------------------------------%

Start!
%------------------------------------------------------------%

Start!
%------------------------------------------------------------%

Done
{'a': [5.450000047683716, 4.8500001430511475, 5.049999952316284, 6.25, 5.6499998569488525, 7.049999952316284], 'b': [2.950000047683716, 2.450000047683716, 2.25, 2.850000023841858, 3.350000023841858, 3.149999976158142], 'c': [2.449999988079071, 4.75, 4.450000047683716, 5.049999952316284], 'd': [0.800000011920929, 1.75, 1.3499999642372131, 1.8499999642372131]}
%------------------------------------------------------------%

Start!
%------------------------------------------------------------%

Done
{'a': [5.450000047683716, 5.049999952316284, 6.25, 5.6499998569488525, 7.049999952316284], 'b': [2.950000047683716, 2.450000047683716, 2.850000023841858, 3.350000023841858, 3.149999976158142], 'c': [2.449999988079071, 4.75, 4.450000047683716, 5.049999952316284], 'd': [0.800000011920929, 1.75, 1.3499999642372131, 1.8499999642372131]}
%------------------------------------------------------------%

Start!
%------------------------------------------------------------%

Done
{'a': [5.450000047683716, 4.8500001430511475, 6.25], 'b': [2.950000047683716, 2.450000047683716, 3.350000023841858], 'c': [2.449999988079071, 4.75], 'd': [0.800000011920929, 1.75]}
%------------------------------------------------------------%

Start!
%------------------------------------------------------------%

Done
{'a': [5.450000047683716, 5.049999952316284, 6.25, 5.6499998569488525, 7.049999952316284], 'b': [2.950000047683716, 2.450000047683716, 2.850000023841858, 3.350000023841858, 3.149999976158142], 'c': [2.449999988079071, 4.75, 4.450000047683716, 5.049999952316284], 'd': [0.800000011920929, 1.75, 1.3499999642372131, 1.8499999642372131]}
%------------------------------------------------------------%

Start!
%------------------------------------------------------------%

Done
{'a': [5.450000047683716, 5.049999952316284, 6.25, 5.6499998569488525, 7.049999952316284], 'b': [2.950000047683716, 2.450000047683716, 2.850000023841858, 3.350000023841858, 3.149999976158142], 'c': [2.449999988079071, 4.75, 4.450000047683716, 5.049999952316284], 'd': [0.800000011920929, 1.75, 1.3499999642372131, 1.8499999642372131]}
%------------------------------------------------------------%

Start!
%------------------------------------------------------------%

Done
{'a': [5.450000047683716, 5.049999952316284, 6.25, 5.6499998569488525, 7.049999952316284], 'b': [2.950000047683716, 2.450000047683716, 2.850000023841858, 3.350000023841858, 3.149999976158142], 'c': [2.449999988079071, 4.75, 4.450000047683716, 5.049999952316284], 'd': [0.800000011920929, 1.75, 1.3499999642372131, 1.8499999642372131]}
%------------------------------------------------------------%

Start!
%------------------------------------------------------------%

Done
{'a': [5.450000047683716, 5.049999952316284, 6.25, 5.6499998569488525, 7.049999952316284], 'b': [2.950000047683716, 2.450000047683716, 2.850000023841858, 3.350000023841858, 3.149999976158142], 'c': [2.449999988079071, 4.75, 4.450000047683716, 5.049999952316284], 'd': [0.800000011920929, 1.75, 1.3499999642372131, 1.8499999642372131]}
%------------------------------------------------------------%

Start!
%------------------------------------------------------------%

Done
{'a': [5.450000047683716, 4.8500001430511475, 5.049999952316284, 6.25, 5.6499998569488525, 7.049999952316284], 'b': [2.950000047683716, 2.450000047683716, 2.25, 2.850000023841858, 3.350000023841858, 3.149999976158142], 'c': [2.449999988079071, 4.75, 4.450000047683716, 5.049999952316284], 'd': [0.800000011920929, 1.75, 1.3499999642372131, 1.8499999642372131]}
%------------------------------------------------------------%

Start!
%------------------------------------------------------------%

Done
{'a': [5.450000047683716, 5.049999952316284, 6.25, 5.6499998569488525, 7.049999952316284], 'b': [2.950000047683716, 2.450000047683716, 2.850000023841858, 3.350000023841858, 3.149999976158142], 'c': [2.449999988079071, 4.75, 4.450000047683716, 5.049999952316284], 'd': [0.800000011920929, 1.75, 1.3499999642372131, 1.8499999642372131]}
%------------------------------------------------------------%

Start!
%------------------------------------------------------------%

Done
{'a': [5.450000047683716, 5.049999952316284, 6.25, 5.6499998569488525, 7.049999952316284], 'b': [2.950000047683716, 2.450000047683716, 2.850000023841858, 3.350000023841858, 3.149999976158142], 'c': [2.449999988079071, 4.75, 4.450000047683716, 5.049999952316284], 'd': [0.800000011920929, 1.75, 1.3499999642372131, 1.8499999642372131]}
%------------------------------------------------------------%

Start!
%------------------------------------------------------------%

Done
{'a': [5.450000047683716, 5.049999952316284, 6.25, 5.6499998569488525, 7.049999952316284], 'b': [2.950000047683716, 2.450000047683716, 2.850000023841858, 3.350000023841858, 3.149999976158142], 'c': [2.449999988079071, 4.75, 4.450000047683716, 5.049999952316284], 'd': [0.800000011920929, 1.75, 1.3499999642372131, 1.8499999642372131]}
%------------------------------------------------------------%
