
Start!
Mon Apr  1 11:24:33 2019
%----------------------------------------------------------------------------------------------------%

Done
['a', 'b']
%----------------------------------------------------------------------------------------------------%

Start!
Mon Apr  1 11:24:37 2019
%----------------------------------------------------------------------------------------------------%

Done
['a', 'b']
%----------------------------------------------------------------------------------------------------%

Start!
Mon Apr  1 11:25:46 2019
%----------------------------------------------------------------------------------------------------%

Start!
Mon Apr  1 11:29:16 2019
%----------------------------------------------------------------------------------------------------%

Start!
Mon Apr  1 11:29:24 2019
%----------------------------------------------------------------------------------------------------%

Start!
Mon Apr  1 11:30:10 2019
%----------------------------------------------------------------------------------------------------%

Done
['a', 'b']
%----------------------------------------------------------------------------------------------------%

Start!
Mon Apr  1 11:30:24 2019
%----------------------------------------------------------------------------------------------------%

Done
['a', 'b']
%----------------------------------------------------------------------------------------------------%

Start!
Mon Apr  1 11:30:31 2019
%----------------------------------------------------------------------------------------------------%

Done
['a', 'b', 'd']
%----------------------------------------------------------------------------------------------------%

Start!
Mon Apr  1 11:30:37 2019
%----------------------------------------------------------------------------------------------------%

Start!
Mon Apr  1 11:30:42 2019
%----------------------------------------------------------------------------------------------------%

Start!
Mon Apr  1 11:44:48 2019
%----------------------------------------------------------------------------------------------------%

Done
['a', 'b', 'd']
%----------------------------------------------------------------------------------------------------%

Start!
Mon Apr  1 11:45:04 2019
%----------------------------------------------------------------------------------------------------%

Done
['a', 'b']
%----------------------------------------------------------------------------------------------------%

Start!
Mon Apr  1 14:32:13 2019
%----------------------------------------------------------------------------------------------------%

Done
['a', 'b']
%----------------------------------------------------------------------------------------------------%

Start!
Mon Apr  1 14:33:26 2019
%----------------------------------------------------------------------------------------------------%

Done
['a', 'b', 'd']
%----------------------------------------------------------------------------------------------------%

Start!
Mon Apr  1 14:34:17 2019
%----------------------------------------------------------------------------------------------------%

Done
['a', 'b']
%----------------------------------------------------------------------------------------------------%
